<?xml version="1.0" encoding="UTF-8"?>
<!-- Generated by org.testng.reporters.JUnitReportReporter -->
<testsuite skipped="0" hostname="Aswins-MacBook-Pro.local" name="indeed.assignment.SearchTest" tests="1" failures="0" timestamp="22 Apr 2018 12:18:10 GMT" time="47.653" errors="0">
  <testcase name="driverMethod" time="47.653" classname="indeed.assignment.SearchTest"/>
</testsuite> <!-- indeed.assignment.SearchTest -->
